<?xml version="1.0" encoding="UTF-8"?>
<!-- Generated by org.testng.reporters.JUnitReportReporter -->
<testsuite hostname="Orion4444-PC" failures="0" tests="3" name="demo.TestNGPriorityDemo" time="0.010" errors="0" timestamp="2022-01-04T10:09:35 PST" skipped="0">
  <testcase classname="demo.TestNGPriorityDemo" name="one" time="0.008"/>
  <system-out/>
  <testcase classname="demo.TestNGPriorityDemo" name="two" time="0.001"/>
  <system-out/>
  <testcase classname="demo.TestNGPriorityDemo" name="three" time="0.001"/>
  <system-out/>
</testsuite> <!-- demo.TestNGPriorityDemo -->
