<?xml version="1.0" encoding="UTF-8"?>
<!-- Generated by org.testng.reporters.JUnitReportReporter -->
<testsuite hostname="Orion4444-PC" failures="0" tests="3" name="demo.TestNGDependencyDemo" time="0.007" errors="0" timestamp="2022-01-04T15:03:52 PST" skipped="0">
  <testcase classname="demo.TestNGDependencyDemo" name="test2" time="0.006"/>
  <system-out/>
  <testcase classname="demo.TestNGDependencyDemo" name="test3" time="0.001"/>
  <system-out/>
  <testcase classname="demo.TestNGDependencyDemo" name="test1" time="0.000"/>
  <system-out/>
</testsuite> <!-- demo.TestNGDependencyDemo -->
