<?xml version="1.0" encoding="UTF-8"?>
<!-- Generated by org.testng.reporters.JUnitReportReporter -->
<testsuite hostname="Orion4444-PC" failures="0" tests="3" name="utils.ExcelDataProvider" time="9.366" errors="0" timestamp="2022-01-03T16:24:42 PST" skipped="0">
  <testcase classname="utils.ExcelDataProvider" name="test1" time="2.857"/>
  <system-out/>
  <testcase classname="utils.ExcelDataProvider" name="test1" time="2.898"/>
  <system-out/>
  <testcase classname="utils.ExcelDataProvider" name="test1" time="3.611"/>
  <system-out/>
</testsuite> <!-- utils.ExcelDataProvider -->
