<?xml version="1.0" encoding="UTF-8"?>
<!-- Generated by org.testng.reporters.JUnitReportReporter -->
<testsuite hostname="Orion4444-PC" failures="0" tests="1" name="demo.TestNGParametersDemo" time="0.006" errors="0" timestamp="2022-01-04T14:49:21 PST" skipped="0">
  <testcase classname="demo.TestNGParametersDemo" name="test" time="0.006"/>
  <system-out/>
</testsuite> <!-- demo.TestNGParametersDemo -->
