<?xml version="1.0" encoding="UTF-8"?>
<!-- Generated by org.testng.reporters.JUnitReportReporter -->
<testsuite hostname="Orion4444-PC" failures="0" tests="1" name="test.TestNG_Demo" time="2.804" errors="0" timestamp="2022-01-03T07:23:52 PST" skipped="0">
  <testcase classname="test.TestNG_Demo" name="googleSearch" time="2.804"/>
  <system-out/>
</testsuite> <!-- test.TestNG_Demo -->
