<?xml version="1.0" encoding="UTF-8"?>
<!-- Generated by org.testng.reporters.JUnitReportReporter -->
<testsuite hostname="Orion4444-PC" failures="0" tests="2" name="test.ExtentReportsDemoWithTestNG" time="3.872" errors="0" timestamp="2021-12-31T11:13:38 PST" skipped="0">
  <testcase classname="test.ExtentReportsDemoWithTestNG" name="test1" time="3.872"/>
  <system-out/>
  <testcase classname="test.ExtentReportsDemoWithTestNG" name="test2" time="0.000"/>
  <system-out/>
</testsuite> <!-- test.ExtentReportsDemoWithTestNG -->
