<?xml version="1.0" encoding="UTF-8"?>
<!-- Generated by org.testng.reporters.JUnitReportReporter -->
<testsuite hostname="Orion4444-PC" failures="0" tests="1" name="demo.Test1" time="3.136" errors="0" timestamp="2022-01-05T09:46:17 PST" skipped="0">
  <testcase classname="demo.Test1" name="testUntitledTestCase" time="3.136"/>
  <system-out/>
</testsuite> <!-- demo.Test1 -->
