<?xml version="1.0" encoding="UTF-8"?>
<!-- Generated by org.testng.reporters.JUnitReportReporter -->
<testsuite hostname="Orion4444-PC" failures="0" tests="1" name="test.TestNG_Demo2" time="4.258" errors="0" timestamp="2021-12-30T08:30:46 PST" skipped="0">
  <testcase classname="test.TestNG_Demo2" name="googleSearch2" time="4.258"/>
  <system-out/>
</testsuite> <!-- test.TestNG_Demo2 -->
