<?xml version="1.0" encoding="UTF-8"?>
<!-- Generated by org.testng.reporters.JUnitReportReporter -->
<testsuite hostname="Orion4444-PC" failures="0" tests="3" name="demo.TestNGMultiBrowserDemo" time="13.915" errors="0" timestamp="2022-01-04T11:28:51 PST" skipped="0">
  <testcase classname="demo.TestNGMultiBrowserDemo" name="test1" time="4.408"/>
  <system-out/>
  <testcase classname="demo.TestNGMultiBrowserDemo" name="test1" time="4.849"/>
  <system-out/>
  <testcase classname="demo.TestNGMultiBrowserDemo" name="test1" time="4.658"/>
  <system-out/>
</testsuite> <!-- demo.TestNGMultiBrowserDemo -->
